<?xml version="1.0" encoding="UTF-8"?>
<testng-results ignored="0" total="1" passed="1" failed="0" skipped="0">
  <reporter-output>
    <line>
      <![CDATA[openBrowser]]>
    </line>
    <line>
      <![CDATA[login]]>
    </line>
    <line>
      <![CDATA[testCreateCustomer executed]]>
    </line>
    <line>
      <![CDATA[Customer is created successfully]]>
    </line>
    <line>
      <![CDATA[logout]]>
    </line>
    <line>
      <![CDATA[closeBrowser]]>
    </line>
  </reporter-output>
  <suite started-at="2023-05-22T16:07:41Z" name="Suite" finished-at="2023-05-22T16:09:03Z" duration-ms="82433">
    <groups>
    </groups>
    <test started-at="2023-05-22T16:07:41Z" name="Test" finished-at="2023-05-22T16:09:03Z" duration-ms="82433">
      <class name="com.actitime.testscripts.CustomerModule">
        <test-method is-config="true" signature="openBrowser()[pri:0, instance:com.actitime.testscripts.CustomerModule@41d426b5]" started-at="2023-05-22T16:07:41Z" name="openBrowser" finished-at="2023-05-22T16:07:49Z" duration-ms="8502" status="PASS">
          <reporter-output>
            <line>
              <![CDATA[openBrowser]]>
            </line>
          </reporter-output>
        </test-method> <!-- openBrowser -->
        <test-method is-config="true" signature="login()[pri:0, instance:com.actitime.testscripts.CustomerModule@41d426b5]" started-at="2023-05-22T16:07:49Z" name="login" finished-at="2023-05-22T16:08:30Z" duration-ms="40718" status="PASS">
          <reporter-output>
            <line>
              <![CDATA[login]]>
            </line>
          </reporter-output>
        </test-method> <!-- login -->
        <test-method signature="testCreateCustomer()[pri:0, instance:com.actitime.testscripts.CustomerModule@41d426b5]" started-at="2023-05-22T16:08:30Z" name="testCreateCustomer" finished-at="2023-05-22T16:08:57Z" duration-ms="27403" status="PASS">
          <reporter-output>
            <line>
              <![CDATA[testCreateCustomer executed]]>
            </line>
            <line>
              <![CDATA[Customer is created successfully]]>
            </line>
          </reporter-output>
        </test-method> <!-- testCreateCustomer -->
        <test-method is-config="true" signature="logout()[pri:0, instance:com.actitime.testscripts.CustomerModule@41d426b5]" started-at="2023-05-22T16:08:57Z" name="logout" finished-at="2023-05-22T16:09:01Z" duration-ms="3430" status="PASS">
          <reporter-output>
            <line>
              <![CDATA[logout]]>
            </line>
          </reporter-output>
        </test-method> <!-- logout -->
        <test-method is-config="true" signature="closeBrowser()[pri:0, instance:com.actitime.testscripts.CustomerModule@41d426b5]" started-at="2023-05-22T16:09:01Z" name="closeBrowser" finished-at="2023-05-22T16:09:03Z" duration-ms="2342" status="PASS">
          <reporter-output>
            <line>
              <![CDATA[closeBrowser]]>
            </line>
          </reporter-output>
        </test-method> <!-- closeBrowser -->
      </class> <!-- com.actitime.testscripts.CustomerModule -->
    </test> <!-- Test -->
  </suite> <!-- Suite -->
</testng-results>
